
Inactive Modules:
  1) OpenMPI/4.0.3            5) hwloc/2.2.0            9) numactl/2.0.13
  2) Python/3.8.2             6) imkl/2020.1.217       10) pybind11/2.4.3
  3) SciPy-bundle/2020.03     7) libpciaccess/.0.16
  4) XZ/.5.2.5                8) libxml2/.2.9.10

Due to MODULEPATH changes, the following have been reloaded:
  1) bzip2/.1.0.8     2) zlib/.1.2.11

The following have been reloaded with a version change:
  1) GCC/9.3.0 => GCC/8.3.0     2) GCCcore/9.3.0 => GCCcore/8.3.0


Activating Modules:
  1) OpenMPI/3.1.4


Activating Modules:
  1) Python/3.7.2     2) SciPy-bundle/2019a     3) XZ/.5.2.4     4) imkl/2019.4.243

The following have been reloaded with a version change:
  1) bzip2/.1.0.8 => bzip2/.1.0.6

mkdir: cannot create directory ‘res_unconstrained_abs_beta_0.5’: File exists
mkdir: cannot create directory ‘res_unconstrained_abs_beta_0.5’: File exists
mkdir: cannot create directory ‘res_unconstrained_abs_beta_0.5’: File exists
mkdir: cannot create directory ‘res_unconstrained_abs_beta_0.5’: File exists
mkdir: cannot create directory ‘res_unconstrained_abs_beta_0.5’: File exists
mkdir: cannot create directory ‘res_unconstrained_abs_beta_0.5’: File exists
mkdir: cannot create directory ‘res_unconstrained_abs_beta_0.5’: File exists
mkdir: cannot create directory ‘res_unconstrained_abs_beta_0.5’: File exists
mkdir: cannot create directory ‘res_unconstrained_abs_beta_0.5’: File exists
mkdir: cannot create directory ‘res_unconstrained_abs_beta_0.5’: File exists
mkdir: cannot create directory ‘res_unconstrained_abs_beta_0.5’: File exists
mkdir: cannot create directory ‘res_unconstrained_abs_beta_0.5’: File exists
mkdir: cannot create directory ‘res_unconstrained_abs_beta_0.5’: File exists
mkdir: cannot create directory ‘res_unconstrained_abs_beta_0.5’: File exists
mkdir: cannot create directory ‘res_unconstrained_abs_beta_0.5’: File exists
mkdir: cannot create directory ‘res_unconstrained_abs_beta_0.5’: File exists
mkdir: cannot create directory ‘res_unconstrained_abs_beta_0.5’: File exists
mkdir: cannot create directory ‘res_unconstrained_abs_beta_0.5’: File exists
mkdir: cannot create directory ‘res_unconstrained_abs_beta_0.5’: File exists
mkdir: cannot create directory ‘res_unconstrained_abs_beta_0.5’: File exists
mkdir: cannot create directory ‘res_unconstrained_abs_beta_0.5’: File exists
mkdir: cannot create directory ‘res_unconstrained_abs_beta_0.5’: File exists
mkdir: cannot create directory ‘res_unconstrained_abs_beta_0.5’: File exists
mkdir: cannot create directory ‘res_unconstrained_abs_beta_0.5’: File exists
mkdir: cannot create directory ‘res_unconstrained_abs_beta_0.5’: File exists
mkdir: cannot create directory ‘res_unconstrained_abs_beta_0.5’: File exists
mkdir: cannot create directory ‘res_unconstrained_abs_beta_0.5’: File exists
mkdir: cannot create directory ‘res_unconstrained_abs_beta_0.5’: File exists
mkdir: cannot create directory ‘res_unconstrained_abs_beta_0.5’: File exists
mkdir: cannot create directory ‘res_unconstrained_abs_beta_0.5’: File exists
mkdir: cannot create directory ‘res_unconstrained_abs_beta_0.5’: File exists
mkdir: cannot create directory ‘res_unconstrained_abs_beta_0.5’: File exists
mkdir: cannot create directory ‘res_unconstrained_abs_beta_0.5’: File exists
mkdir: cannot create directory ‘res_unconstrained_abs_beta_0.5’: File exists
