
The following have been reloaded with a version change:
  1) GCC/4.8.3 => GCC/8.3.0

mkdir: cannot create directory ‘res_unconstrained_new’: File exists
mkdir: cannot create directory ‘res_unconstrained_new’: File exists
mkdir: cannot create directory ‘res_unconstrained_new’: File exists
mkdir: cannot create directory ‘res_unconstrained_new’: File exists
mkdir: cannot create directory ‘res_unconstrained_new’: File exists
mkdir: cannot create directory ‘res_unconstrained_new’: File exists
sh: /opt/apps/software/Core/xalt/default/libexec/xalt_run_submission: Argument list too long
sh: /opt/apps/software/Core/xalt/default/libexec/xalt_run_submission: Argument list too long
sh: /opt/apps/software/Core/xalt/default/libexec/xalt_run_submission: Argument list too long
sh: /opt/apps/software/Core/xalt/default/libexec/xalt_run_submission: Argument list too long
sh: /opt/apps/software/Core/xalt/default/libexec/xalt_run_submission: Argument list too long
sh: /opt/apps/software/Core/xalt/default/libexec/xalt_run_submission: Argument list too long
sh: /opt/apps/software/Core/xalt/default/libexec/xalt_run_submission: Argument list too long
sh: /opt/apps/software/Core/xalt/default/libexec/xalt_run_submission: Argument list too long
sh: /opt/apps/software/Core/xalt/default/libexec/xalt_run_submission: Argument list too long
mkdir: cannot create directory ‘res_unconstrained_new’: File exists
sh: /opt/apps/software/Core/xalt/default/libexec/xalt_run_submission: Argument list too long
sh: /opt/apps/software/Core/xalt/default/libexec/xalt_run_submission: Argument list too long
sh: /opt/apps/software/Core/xalt/default/libexec/xalt_run_submission: Argument list too long
sh: /opt/apps/software/Core/xalt/default/libexec/xalt_run_submission: Argument list too long
sh: /opt/apps/software/Core/xalt/default/libexec/xalt_run_submission: Argument list too long
sh: /opt/apps/software/Core/xalt/default/libexec/xalt_run_submission: Argument list too long
sh: /opt/apps/software/Core/xalt/default/libexec/xalt_run_submission: Argument list too long
sh: /opt/apps/software/Core/xalt/default/libexec/xalt_run_submission: Argument list too long
sh: /opt/apps/software/Core/xalt/default/libexec/xalt_run_submission: Argument list too long
sh: /opt/apps/software/Core/xalt/default/libexec/xalt_run_submission: Argument list too long
sh: /opt/apps/software/Core/xalt/default/libexec/xalt_run_submission: Argument list too long
sh: /opt/apps/software/Core/xalt/default/libexec/xalt_run_submission: Argument list too long
sh: /opt/apps/software/Core/xalt/default/libexec/xalt_run_submission: Argument list too long
sh: /opt/apps/software/Core/xalt/default/libexec/xalt_run_submission: Argument list too long
sh: /opt/apps/software/Core/xalt/default/libexec/xalt_run_submission: Argument list too long
sh: /opt/apps/software/Core/xalt/default/libexec/xalt_run_submission: Argument list too long
sh: /opt/apps/software/Core/xalt/default/libexec/xalt_run_submission: Argument list too long
sh: /opt/apps/software/Core/xalt/default/libexec/xalt_run_submission: Argument list too long
sh: /opt/apps/software/Core/xalt/default/libexec/xalt_run_submission: Argument list too long
sh: /opt/apps/software/Core/xalt/default/libexec/xalt_run_submission: Argument list too long
sh: /opt/apps/software/Core/xalt/default/libexec/xalt_run_submission: Argument list too long
sh: /opt/apps/software/Core/xalt/default/libexec/xalt_run_submission: Argument list too long
sh: /opt/apps/software/Core/xalt/default/libexec/xalt_run_submission: Argument list too long
slurmstepd: error: *** JOB 7740131 ON bc6u7n6 CANCELLED AT 2024-03-03T01:01:48 DUE TO TIME LIMIT ***
slurmstepd: error: Detected 2411569 oom-kill event(s) in step 7740131.batch cgroup. Some of your processes may have been killed by the cgroup out-of-memory handler.
