
The following have been reloaded with a version change:
  1) GCC/4.8.3 => GCC/8.3.0

mkdir: cannot create directory ‘res_unconstrained_new_SLSQP’: File exists
mkdir: cannot create directory ‘res_unconstrained_new_SLSQP’: File exists
mkdir: cannot create directory ‘res_unconstrained_new_SLSQP’: File exists
mkdir: cannot create directory ‘res_unconstrained_new_SLSQP’: File exists
mkdir: cannot create directory ‘res_unconstrained_new_SLSQP’: File exists
mkdir: cannot create directory ‘res_unconstrained_new_SLSQP’: File exists
sh: /opt/apps/software/Core/xalt/default/libexec/xalt_run_submission: Argument list too long
sh: /opt/apps/software/Core/xalt/default/libexec/xalt_run_submission: Argument list too long
sh: /opt/apps/software/Core/xalt/default/libexec/xalt_run_submission: Argument list too long
sh: /opt/apps/software/Core/xalt/default/libexec/xalt_run_submission: Argument list too long
sh: /opt/apps/software/Core/xalt/default/libexec/xalt_run_submission: Argument list too long
sh: /opt/apps/software/Core/xalt/default/libexec/xalt_run_submission: Argument list too long
sh: /opt/apps/software/Core/xalt/default/libexec/xalt_run_submission: Argument list too long
sh: /opt/apps/software/Core/xalt/default/libexec/xalt_run_submission: Argument list too long
sh: /opt/apps/software/Core/xalt/default/libexec/xalt_run_submission: Argument list too long
sh: /opt/apps/software/Core/xalt/default/libexec/xalt_run_submission: Argument list too long
sh: /opt/apps/software/Core/xalt/default/libexec/xalt_run_submission: Argument list too long
sh: /opt/apps/software/Core/xalt/default/libexec/xalt_run_submission: Argument list too long
sh: /opt/apps/software/Core/xalt/default/libexec/xalt_run_submission: Argument list too long
sh: /opt/apps/software/Core/xalt/default/libexec/xalt_run_submission: Argument list too long
sh: /opt/apps/software/Core/xalt/default/libexec/xalt_run_submission: Argument list too long
sh: /opt/apps/software/Core/xalt/default/libexec/xalt_run_submission: Argument list too long
sh: /opt/apps/software/Core/xalt/default/libexec/xalt_run_submission: Argument list too long
sh: /opt/apps/software/Core/xalt/default/libexec/xalt_run_submission: Argument list too long
sh: /opt/apps/software/Core/xalt/default/libexec/xalt_run_submission: Argument list too long
sh: /opt/apps/software/Core/xalt/default/libexec/xalt_run_submission: Argument list too long
sh: /opt/apps/software/Core/xalt/default/libexec/xalt_run_submission: Argument list too long
sh: /opt/apps/software/Core/xalt/default/libexec/xalt_run_submission: Argument list too long
sh: /opt/apps/software/Core/xalt/default/libexec/xalt_run_submission: Argument list too long
sh: /opt/apps/software/Core/xalt/default/libexec/xalt_run_submission: Argument list too long
sh: /opt/apps/software/Core/xalt/default/libexec/xalt_run_submission: Argument list too long
sh: /opt/apps/software/Core/xalt/default/libexec/xalt_run_submission: Argument list too long
sh: /opt/apps/software/Core/xalt/default/libexec/xalt_run_submission: Argument list too long
sh: /opt/apps/software/Core/xalt/default/libexec/xalt_run_submission: Argument list too long
sh: /opt/apps/software/Core/xalt/default/libexec/xalt_run_submission: Argument list too long
slurmstepd: error: *** JOB 7740224 ON bc6u7n8 CANCELLED AT 2024-03-03T01:07:49 DUE TO TIME LIMIT ***
slurmstepd: error: Detected 3140 oom-kill event(s) in step 7740224.batch cgroup. Some of your processes may have been killed by the cgroup out-of-memory handler.
